00:00:00.730526 VirtualBox GUI VM Selector Window 7.2.2 r170484 win.amd64 (Sep 10 2025 19:56:01) release log
00:00:00.730528 Log opened 2025-09-25T07:39:59.052530200Z
00:00:00.730528 Build Type: release
00:00:00.730531 OS Product: Windows 11
00:00:00.730635 OS Release: 10.0.26100.6584
00:00:00.730635 OS Service Pack: 
00:00:00.746087 DMI Product Name: HP Pavilion Laptop 15-eg0xxx
00:00:00.752469 DMI Product Version: Type1ProductConfigId
00:00:00.752489 Firmware type: UEFI
00:00:00.752876 Secure Boot: Enabled
00:00:00.752886 Host RAM: 16149MB (15.7GB) total, 4986MB (4.8GB) available
00:00:00.752889 Executable: C:\Program Files\Oracle\VirtualBox\VirtualBox.exe
00:00:00.752890 Process ID: 17596
00:00:00.752890 Package type: WINDOWS_64BITS_GENERIC
00:00:00.752899 Windows Features:
00:00:00.752899   Core Isolation (Memory Integrity): ENABLED
00:00:00.753031 Qt version: 6.8.0
00:00:00.754042 GUI: UIMediumEnumerator: Initial medium-enumeration finished!
00:00:00.784659 GUI: UIMediumEnumerator: Medium-enumeration started...
00:00:01.522986 GUI: UIMediumEnumerator: Medium-enumeration finished!
00:03:15.232177 GUI: UIMediumEnumerator: Medium-enumeration finished!
00:03:18.995815 GUI: UICommon: Handling aboutToQuit request..
00:03:19.665061 GUI: UICommon: aboutToQuit request handled!
